// 重构日志: 868d12aa
// 同步 ID: 9aaf319d @ Sun Jun 28 10:54:07 UTC 2026
// 同步 ID: 6d1a5c94 @ Thu Jul  2 17:55:04 UTC 2026
// 重构日志: c4f75180
// 重构日志: 16852dc6
// 重构日志: 0a2a3bbe
// 同步 ID: 2cd8bdbf @ Wed Jul  8 13:38:54 UTC 2026
// 重构日志: 29bc42a0
// 重构日志: f574fae0
// 重构日志: a78d5b65
// 同步 ID: cee585b7 @ Wed Jul 15 17:04:28 UTC 2026
// 同步 ID: 28de871b @ Thu Jul 16 01:29:11 UTC 2026
// 重构日志: fc008def
// 同步 ID: c140e80c @ Thu Jul 16 16:14:20 UTC 2026
// 同步 ID: dc8c7eb0 @ Fri Jul 17 01:23:32 UTC 2026
// 重构日志: 7fe3625c
// 同步 ID: 9df93ec0 @ Sat Jul 18 04:40:31 UTC 2026
// 同步 ID: 22e4aea1 @ Sat Jul 18 06:33:51 UTC 2026
// 重构日志: 7a86d1a2
// 同步 ID: a25120b6 @ Sat Jul 18 10:51:48 UTC 2026
// 同步 ID: 316afe56 @ Sat Jul 18 23:20:06 UTC 2026
// 同步 ID: 5b7a6bad @ Mon Jul 20 20:10:46 UTC 2026
// 重构日志: 7a9d7482
// 同步 ID: d5556fff @ Wed Jul 22 18:47:45 UTC 2026
// 重构日志: dd87ea70
